<?xml version="1.0" encoding="UTF-8"?>
<!-- Generated by org.testng.reporters.JUnitReportReporter -->
<testsuite hostname="LAPTOP-RQ5ADVUS" failures="0" tests="3" name="automationTestStoreNewTestCases.myTestCases" time="17.135" errors="0" timestamp="2024-03-15T11:24:02 EET" skipped="0">
  <testcase classname="automationTestStoreNewTestCases.myTestCases" name="signup" time="9.217"/>
  <system-out/>
  <testcase classname="automationTestStoreNewTestCases.myTestCases" name="login" time="1.596"/>
  <system-out/>
  <testcase classname="automationTestStoreNewTestCases.myTestCases" name="addFirstTwoItems" time="6.322"/>
  <system-out/>
</testsuite> <!-- automationTestStoreNewTestCases.myTestCases -->
